... logging to /home/team4/.ros/log/5f6768d0-fe59-11e7-a2ac-989096e29a2d/roslaunch-cas-2441.log
Checking log directory for disk usage. This may take awhile.
Press Ctrl-C to interrupt
Done checking log file disk usage. Usage is <1GB.
]2;/opt/ros/indigo/share/fetch_gazebo/launch/playground.launch
[1mstarted roslaunch server http://localhost:36579/[0m

SUMMARY
========

PARAMETERS
 * /arm_controller/follow_joint_trajectory/joints: ['shoulder_pan_jo...
 * /arm_controller/follow_joint_trajectory/type: robot_controllers...
 * /arm_controller/gravity_compensation/autostart: True
 * /arm_controller/gravity_compensation/root: torso_lift_link
 * /arm_controller/gravity_compensation/tip: gripper_link
 * /arm_controller/gravity_compensation/type: robot_controllers...
 * /arm_with_torso_controller/follow_joint_trajectory/joints: ['torso_lift_join...
 * /arm_with_torso_controller/follow_joint_trajectory/type: robot_controllers...
 * /base_controller/autostart: True
 * /base_controller/type: robot_controllers...
 * /bellows_controller/autostart: True
 * /bellows_controller/controlled_joint: bellows_joint
 * /bellows_controller/mimic_joint: torso_lift_joint
 * /bellows_controller/mimic_scale: 0.5
 * /bellows_controller/type: robot_controllers...
 * /gazebo/bellows_joint/position/d: 0.0
 * /gazebo/bellows_joint/position/i: 0.0
 * /gazebo/bellows_joint/position/i_clamp: 0.0
 * /gazebo/bellows_joint/position/p: 10.0
 * /gazebo/bellows_joint/velocity/d: 0.0
 * /gazebo/bellows_joint/velocity/i: 0.0
 * /gazebo/bellows_joint/velocity/i_clamp: 0.0
 * /gazebo/bellows_joint/velocity/p: 25.0
 * /gazebo/default_controllers: ['arm_controller/...
 * /gazebo/elbow_flex_joint/position/d: 0.1
 * /gazebo/elbow_flex_joint/position/i: 0.0
 * /gazebo/elbow_flex_joint/position/i_clamp: 0.0
 * /gazebo/elbow_flex_joint/position/p: 100.0
 * /gazebo/elbow_flex_joint/velocity/d: 0.0
 * /gazebo/elbow_flex_joint/velocity/i: 0.0
 * /gazebo/elbow_flex_joint/velocity/i_clamp: 0.0
 * /gazebo/elbow_flex_joint/velocity/p: 150.0
 * /gazebo/forearm_roll_joint/position/d: 0.1
 * /gazebo/forearm_roll_joint/position/i: 0.0
 * /gazebo/forearm_roll_joint/position/i_clamp: 0.0
 * /gazebo/forearm_roll_joint/position/p: 100.0
 * /gazebo/forearm_roll_joint/velocity/d: 0.0
 * /gazebo/forearm_roll_joint/velocity/i: 0.0
 * /gazebo/forearm_roll_joint/velocity/i_clamp: 0.0
 * /gazebo/forearm_roll_joint/velocity/p: 150.0
 * /gazebo/head_pan_joint/position/d: 0.0
 * /gazebo/head_pan_joint/position/i: 0.0
 * /gazebo/head_pan_joint/position/i_clamp: 0.0
 * /gazebo/head_pan_joint/position/p: 2.0
 * /gazebo/head_pan_joint/velocity/d: 0.0
 * /gazebo/head_pan_joint/velocity/i: 0.0
 * /gazebo/head_pan_joint/velocity/i_clamp: 0.0
 * /gazebo/head_pan_joint/velocity/p: 2.0
 * /gazebo/head_tilt_joint/position/d: 0.0
 * /gazebo/head_tilt_joint/position/i: 0.0
 * /gazebo/head_tilt_joint/position/i_clamp: 0.0
 * /gazebo/head_tilt_joint/position/p: 10.0
 * /gazebo/head_tilt_joint/velocity/d: 0.0
 * /gazebo/head_tilt_joint/velocity/i: 0.0
 * /gazebo/head_tilt_joint/velocity/i_clamp: 0.0
 * /gazebo/head_tilt_joint/velocity/p: 3.0
 * /gazebo/l_gripper_finger_joint/position/d: 0.0
 * /gazebo/l_gripper_finger_joint/position/i: 0.0
 * /gazebo/l_gripper_finger_joint/position/i_clamp: 0.0
 * /gazebo/l_gripper_finger_joint/position/p: 5000.0
 * /gazebo/l_gripper_finger_joint/velocity/d: 0.0
 * /gazebo/l_gripper_finger_joint/velocity/i: 0.0
 * /gazebo/l_gripper_finger_joint/velocity/i_clamp: 0.0
 * /gazebo/l_gripper_finger_joint/velocity/p: 0.0
 * /gazebo/l_wheel_joint/position/d: 0.0
 * /gazebo/l_wheel_joint/position/i: 0.0
 * /gazebo/l_wheel_joint/position/i_clamp: 0.0
 * /gazebo/l_wheel_joint/position/p: 0.0
 * /gazebo/l_wheel_joint/velocity/d: 0.0
 * /gazebo/l_wheel_joint/velocity/i: 0.5
 * /gazebo/l_wheel_joint/velocity/i_clamp: 6.0
 * /gazebo/l_wheel_joint/velocity/p: 8.85
 * /gazebo/r_gripper_finger_joint/position/d: 0.0
 * /gazebo/r_gripper_finger_joint/position/i: 0.0
 * /gazebo/r_gripper_finger_joint/position/i_clamp: 0.0
 * /gazebo/r_gripper_finger_joint/position/p: 5000.0
 * /gazebo/r_gripper_finger_joint/velocity/d: 0.0
 * /gazebo/r_gripper_finger_joint/velocity/i: 0.0
 * /gazebo/r_gripper_finger_joint/velocity/i_clamp: 0.0
 * /gazebo/r_gripper_finger_joint/velocity/p: 0.0
 * /gazebo/r_wheel_joint/position/d: 0.0
 * /gazebo/r_wheel_joint/position/i: 0.0
 * /gazebo/r_wheel_joint/position/i_clamp: 0.0
 * /gazebo/r_wheel_joint/position/p: 0.0
 * /gazebo/r_wheel_joint/velocity/d: 0.0
 * /gazebo/r_wheel_joint/velocity/i: 0.5
 * /gazebo/r_wheel_joint/velocity/i_clamp: 6.0
 * /gazebo/r_wheel_joint/velocity/p: 8.85
 * /gazebo/shoulder_lift_joint/position/d: 0.1
 * /gazebo/shoulder_lift_joint/position/i: 0.0
 * /gazebo/shoulder_lift_joint/position/i_clamp: 0.0
 * /gazebo/shoulder_lift_joint/position/p: 100.0
 * /gazebo/shoulder_lift_joint/velocity/d: 0.0
 * /gazebo/shoulder_lift_joint/velocity/i: 0.0
 * /gazebo/shoulder_lift_joint/velocity/i_clamp: 0.0
 * /gazebo/shoulder_lift_joint/velocity/p: 200.0
 * /gazebo/shoulder_pan_joint/position/d: 0.1
 * /gazebo/shoulder_pan_joint/position/i: 0.0
 * /gazebo/shoulder_pan_joint/position/i_clamp: 0.0
 * /gazebo/shoulder_pan_joint/position/p: 100.0
 * /gazebo/shoulder_pan_joint/velocity/d: 0.0
 * /gazebo/shoulder_pan_joint/velocity/i: 2.0
 * /gazebo/shoulder_pan_joint/velocity/i_clamp: 1.0
 * /gazebo/shoulder_pan_joint/velocity/p: 200.0
 * /gazebo/torso_lift_joint/position/d: 0.0
 * /gazebo/torso_lift_joint/position/i: 0.0
 * /gazebo/torso_lift_joint/position/i_clamp: 0.0
 * /gazebo/torso_lift_joint/position/p: 1000.0
 * /gazebo/torso_lift_joint/velocity/d: 0.0
 * /gazebo/torso_lift_joint/velocity/i: 0.0
 * /gazebo/torso_lift_joint/velocity/i_clamp: 0.0
 * /gazebo/torso_lift_joint/velocity/p: 100000.0
 * /gazebo/upperarm_roll_joint/position/d: 0.1
 * /gazebo/upperarm_roll_joint/position/i: 0.0
 * /gazebo/upperarm_roll_joint/position/i_clamp: 0.0
 * /gazebo/upperarm_roll_joint/position/p: 100.0
 * /gazebo/upperarm_roll_joint/velocity/d: 0.0
 * /gazebo/upperarm_roll_joint/velocity/i: 0.0
 * /gazebo/upperarm_roll_joint/velocity/i_clamp: 0.0
 * /gazebo/upperarm_roll_joint/velocity/p: 10.0
 * /gazebo/wrist_flex_joint/position/d: 0.1
 * /gazebo/wrist_flex_joint/position/i: 0.0
 * /gazebo/wrist_flex_joint/position/i_clamp: 0.0
 * /gazebo/wrist_flex_joint/position/p: 100.0
 * /gazebo/wrist_flex_joint/velocity/d: 0.0
 * /gazebo/wrist_flex_joint/velocity/i: 0.0
 * /gazebo/wrist_flex_joint/velocity/i_clamp: 0.0
 * /gazebo/wrist_flex_joint/velocity/p: 100.0
 * /gazebo/wrist_roll_joint/position/d: 0.1
 * /gazebo/wrist_roll_joint/position/i: 0.0
 * /gazebo/wrist_roll_joint/position/i_clamp: 0.0
 * /gazebo/wrist_roll_joint/position/p: 100.0
 * /gazebo/wrist_roll_joint/velocity/d: 0.0
 * /gazebo/wrist_roll_joint/velocity/i: 0.0
 * /gazebo/wrist_roll_joint/velocity/i_clamp: 0.0
 * /gazebo/wrist_roll_joint/velocity/p: 100.0
 * /gripper_controller/gripper_action/centering/d: 0.0
 * /gripper_controller/gripper_action/centering/i: 0.0
 * /gripper_controller/gripper_action/centering/i_clamp: 0.0
 * /gripper_controller/gripper_action/centering/p: 1000.0
 * /gripper_controller/gripper_action/type: robot_controllers...
 * /head_camera/crop_decimate/decimation_x: 4
 * /head_camera/crop_decimate/decimation_y: 4
 * /head_camera/crop_decimate/queue_size: 1
 * /head_camera/head_camera_nodelet_manager/num_worker_threads: 2
 * /head_controller/follow_joint_trajectory/joints: ['head_pan_joint'...
 * /head_controller/follow_joint_trajectory/type: robot_controllers...
 * /head_controller/point_head/type: robot_controllers...
 * /publish_base_scan_raw/lazy: True
 * /robot/serial: ABCDEFGHIJKLMNOPQ...
 * /robot/version: 0.0.1
 * /robot_description: <?xml version="1....
 * /robot_state_publisher/publish_frequency: 100.0
 * /rosdistro: indigo
 * /rosversion: 1.11.21
 * /torso_controller/follow_joint_trajectory/joints: ['torso_lift_joint']
 * /torso_controller/follow_joint_trajectory/type: robot_controllers...
 * /use_sim_time: True

NODES
  /head_camera/
    crop_decimate (nodelet/nodelet)
    head_camera_nodelet_manager (nodelet/nodelet)
  /
    cmd_vel_mux (topic_tools/mux)
    gazebo (gazebo_ros/gzserver)
    gazeboGazebo multi-robot simulator, version 2.2.3
Copyright (C) 2012-2014 Open Source Robotics Foundation.
Released under the Apache 2 License.
http://gazebosim.org

Gazebo multi-robot simulator, version 2.2.3
Copyright (C) 2012-2014 Open Source Robotics Foundation.
Released under the Apache 2 License.
http://gazebosim.org

[1;32mMsg[0m Waiting for master
[1;32mMsg[0m Connected to gazebo master @ http://127.0.0.1:11345
[1;32mMsg[0m Publicized address: 172.25.2.77
[0m/gazebo GazeboRosApiPlugin::Load:155: Finished loading Gazebo ROS API Plugin.[0m
[1;32mMsg[0m Waiting for master[0m/gazebo service::exists:80: waitForService: Service [/gazebo/set_physics_properties] has not been advertised, waiting...[0m

[1;32mMsg[0m Connected to gazebo master @ http://127.0.0.1:11345
[1;32mMsg[0m Publicized address: 172.25.2.77
spawn_model script started
/urdf_spawner callSpawnService:234: Loading model xml from ros parameter
/urdf_spawner spawn_urdf_model_client:27: Waiting for service /gazebo/spawn_urdf_model
/urdf_spawner spawn_urdf_model_client:31: Calling service /gazebo/spawn_urdf_model
/urdf_spawner spawn_urdf_model_client:33: Spawn status: SpawnModel: Successfully spawned model
Segmentation fault (core dumped)
[31m[gazebo_gui-2] process has died [pid 2466, exit code 139, cmd /opt/ros/indigo/lib/gazebo_ros/gzclient __name:=gazebo_gui __log:=/home/team4/.ros/log/5f6768d0-fe59-11e7-a2ac-989096e29a2d/gazebo_gui-2.log].
log file: /home/team4/.ros/log/5f6768d0-fe59-11e7-a2ac-989096e29a2d/gazebo_gui-2*.log[0m
[0m/head_camera/head_camera_nodelet_manager Loader::Impl::advertiseRosApi:233: Initializing nodelet with 2 worker threads.[0m
[0m/head_camera/depth_downsample/points_downsample loadNodelet:196: Loading nodelet /head_camera/depth_downsample/points_downsample of type depth_image_proc/point_cloud_xyz to manager /head_camera/head_camera_nodelet_manager with the following remappings:[0m
[0m/head_camera/depth_downsample/points_downsample loadNodelet:202: /head_camera/depth_downsample/image_rect -> /head_camera/depth_downsample/image_raw[0m
[0m/head_camera/depth_downsample/points_downsample service::exists:80: waitForService: Service [/head_camera/head_camera_nodelet_manager/load_nodelet] has not been advertised, waiting...[0m
[0m/head_camera/depth_downsample/points_downsample service::waitForService:122: waitForService: Service [/head_camera/head_camera_nodelet_manager/load_nodelet] is now available.[0m
[0m/head_camera/depth_downsample/points_downsample unloadNodelet:159: Unloading nodelet /head_camera/depth_downsample/points_downsample from manager /head_camera/head_camera_nodelet_manager[0m
[0m/head_camera/crop_decimate loadNodelet:196: Loading nodelet /head_camera/crop_decimate of type image_proc/crop_decimate to manager /head_camera/head_camera_nodelet_manager with the following remappings:[0m
[0m/head_camera/crop_decimate loadNodelet:202: /head_camera/camera/camera_info -> /head_camera/depth_registered/camera_info[0m
[0m/head_camera/crop_decimate loadNodelet:202: /head_camera/camera/image_raw -> /head_camera/depth_registered/image_raw[0m
[0m/head_camera/crop_decimate loadNodelet:202: /head_camera/camera_out -> /head_camera/depth_downsample[0m
[0m/head_camera/crop_decimate service::exists:80: waitForService: Service [/head_camera/head_camera_nodelet_manager/load_nodelet] has not been advertised, waiting...[0m
[0m/head_camera/crop_decimate service::waitForService:122: waitForService: Service [/head_camera/head_camera_nodelet_manager/load_nodelet] is now available.[0m
[0m/head_camera/crop_decimate unloadNodelet:159: Unloading nodelet /head_camera/crop_decimate from manager /head_camera/head_camera_nodelet_manager[0m
